[ 2023-12-05 21:46:30,478 ] 29 root - INFO - Data Ingestion methods starts
[ 2023-12-05 21:46:30,652 ] 32 root - INFO - Dataset read as pandas dataframe
[ 2023-12-05 21:46:32,050 ] 36 root - INFO - Train test split
[ 2023-12-05 21:46:33,440 ] 43 root - INFO - Ingestion of data is completed
[ 2023-12-05 21:46:33,625 ] 81 root - INFO - Read train and test data completed
[ 2023-12-05 21:46:33,631 ] 82 root - INFO - Train dataframe head : 
       id  carat        cut color clarity  depth  table     x     y     z  price
0  123656   1.01  Very Good     F    VVS1   63.5   56.0  6.38  6.34  4.05   9474
1  142629   1.21    Premium     G     VS1   61.9   56.0  6.85  6.82  4.22   8471
2   47068   0.30    Premium     E    VVS2   59.6   60.0  4.32  4.37  2.59    740
3  178479   0.30       Good     H     VS1   63.1   56.0  4.27  4.30  2.70    526
4  189632   0.40      Ideal     E     VS2   62.2   56.0  4.72  4.77  2.95    912
[ 2023-12-05 21:46:33,634 ] 83 root - INFO - Test dataframe head : 
       id  carat        cut color clarity  depth  table     x     y     z  price
0  112584   1.32      Ideal     F     SI2   62.6   57.0  7.00  6.97  4.38   5197
1  132472   0.38      Ideal     G     VS1   61.7   57.0  4.67  4.64  2.88    899
2  171853   0.30  Very Good     G     VS1   62.8   58.0  4.28  4.31  2.70    605
3   63111   0.50  Very Good     D     VS2   63.3   57.0  5.08  5.12  3.22   1747
4   51815   0.90  Very Good     G     SI2   63.1   57.0  6.12  6.16  3.86   3346
[ 2023-12-05 21:46:33,634 ] 85 root - INFO - obtaining preprocessing object
[ 2023-12-05 21:46:33,634 ] 27 root - INFO - Data transformation initiated
[ 2023-12-05 21:46:33,634 ] 73 root - INFO - error in data transformation
[ 2023-12-05 21:46:33,634 ] 122 root - INFO - Exception occured in the initiate_data_transformation
