[ 2023-12-07 17:32:14,035 ] 29 root - INFO - Data Ingestion methods starts
[ 2023-12-07 17:32:14,206 ] 32 root - INFO - Dataset read as pandas dataframe
[ 2023-12-07 17:32:15,597 ] 36 root - INFO - Train test split
[ 2023-12-07 17:32:16,985 ] 43 root - INFO - Ingestion of data is completed
[ 2023-12-07 17:32:17,159 ] 81 root - INFO - Read train and test data completed
[ 2023-12-07 17:32:17,164 ] 82 root - INFO - Train dataframe head : 
       id  carat        cut color clarity  depth  table     x     y     z  price
0  108241   0.31      Ideal     E     VS2   61.4   56.0  4.34  4.38  2.68    680
1   42197   0.34    Premium     E    VVS2   62.9   58.0  4.47  4.45  2.80    777
2  158718   1.00      Ideal     D      I1   63.0   57.0  6.36  6.32  3.99   3997
3  101209   1.51  Very Good     H     VS1   59.8   60.0  7.44  7.40  4.44  10688
4   94873   1.27    Premium     I     SI1   61.7   60.0  6.96  6.91  4.28   5690
[ 2023-12-07 17:32:17,167 ] 83 root - INFO - Test dataframe head : 
       id  carat        cut color clarity  depth  table     x     y     z  price
0   33627   1.01  Very Good     F     SI2   60.9   58.0  6.45  6.48  3.94   4854
1  116985   1.09       Good     G     SI1   63.8   58.0  6.53  6.47  4.16   4927
2  142846   0.50    Premium     G    VVS1   62.6   58.0  5.06  5.09  3.16   1980
3  118976   0.54      Ideal     F     VS2   61.4   57.0  5.26  5.28  3.22   1781
4  144662   1.20    Premium     G     SI2   63.0   58.0  6.77  6.66  4.26   4758
[ 2023-12-07 17:32:17,167 ] 85 root - INFO - obtaining preprocessing object
[ 2023-12-07 17:32:17,168 ] 27 root - INFO - Data transformation initiated
[ 2023-12-07 17:32:17,168 ] 38 root - INFO - Pipeline initiated
[ 2023-12-07 17:32:17,500 ] 103 root - INFO - Applying preprocessing object on training and testing datasets.
[ 2023-12-07 17:32:17,508 ] 113 root - INFO - Preprocessor pickle file saved
[ 2023-12-07 17:32:17,511 ] 25 root - INFO - splitting Dependent and independent variables from train and test
[ 2023-12-07 17:32:18,040 ] 43 root - INFO - Model Report : {'LinearRegression': 0.9381553486280287, 'Lasso': 0.9381188320658559, 'Ridge': 0.938156667090704, 'ElasticNet': 0.8549897315001848}
[ 2023-12-07 17:32:18,040 ] 56 root - INFO - Best model Found, model name : Ridge, R2 score : 0.938156667090704
