[ 2023-12-05 21:50:40,964 ] 29 root - INFO - Data Ingestion methods starts
[ 2023-12-05 21:50:41,142 ] 32 root - INFO - Dataset read as pandas dataframe
[ 2023-12-05 21:50:42,539 ] 36 root - INFO - Train test split
[ 2023-12-05 21:50:43,975 ] 43 root - INFO - Ingestion of data is completed
[ 2023-12-05 21:50:44,157 ] 81 root - INFO - Read train and test data completed
[ 2023-12-05 21:50:44,163 ] 82 root - INFO - Train dataframe head : 
       id  carat        cut color clarity  depth  table     x     y     z  price
0   44889   0.70  Very Good     E     VS1   62.5   58.0  5.64  5.67  3.53   2893
1  148967   1.27      Ideal     I     SI2   61.4   55.0  6.93  6.98  4.27   5096
2   32010   0.91  Very Good     H     VS1   63.0   61.0  6.07  6.15  3.85   3881
3   16310   0.52      Ideal     G     SI1   61.6   55.0  5.17  5.22  3.20   1341
4  186016   1.35      Ideal     J     VS2   62.6   56.0  7.05  7.00  4.42   6393
[ 2023-12-05 21:50:44,166 ] 83 root - INFO - Test dataframe head : 
       id  carat      cut color clarity  depth  table     x     y     z  price
0  103851   1.51    Ideal     H     VS2   62.8   56.0  7.21  7.36  4.57  12152
1   50574   1.27    Ideal     E     SI2   61.4   55.0  7.04  6.99  4.29   6563
2   58987   1.01  Premium     F     VS1   62.2   58.0  6.44  6.40  3.99   7088
3   50230   2.00     Fair     G     SI2   64.5   55.0  7.90  7.93  5.05  15485
4   10933   1.21  Premium     G    VVS2   62.2   58.0  6.82  6.78  4.23   9642
[ 2023-12-05 21:50:44,166 ] 85 root - INFO - obtaining preprocessing object
[ 2023-12-05 21:50:44,166 ] 27 root - INFO - Data transformation initiated
[ 2023-12-05 21:50:44,166 ] 38 root - INFO - Pipeline initiated
[ 2023-12-05 21:50:44,176 ] 122 root - INFO - Exception occured in the initiate_data_transformation
