[ 2023-12-05 21:52:07,588 ] 29 root - INFO - Data Ingestion methods starts
[ 2023-12-05 21:52:07,759 ] 32 root - INFO - Dataset read as pandas dataframe
[ 2023-12-05 21:52:09,143 ] 36 root - INFO - Train test split
[ 2023-12-05 21:52:10,542 ] 43 root - INFO - Ingestion of data is completed
[ 2023-12-05 21:52:10,716 ] 81 root - INFO - Read train and test data completed
[ 2023-12-05 21:52:10,720 ] 82 root - INFO - Train dataframe head : 
       id  carat        cut color clarity  depth  table     x     y     z  price
0  138349   1.00    Premium     H     SI1   62.7   60.0  6.31  6.38  3.98   4682
1  191300   1.66    Premium     G     VS2   61.9   58.0  7.63  7.58  4.72  13609
2  163540   0.42      Ideal     D     SI2   61.9   57.0  4.80  4.76  2.97   1096
3   10995   0.41  Very Good     E     VS1   62.8   57.0  4.71  4.74  2.97    991
4  158750   1.01      Ideal     F     SI1   61.7   57.0  6.41  6.44  3.97   7150
[ 2023-12-05 21:52:10,723 ] 83 root - INFO - Test dataframe head : 
       id  carat    cut color clarity  depth  table     x     y     z  price
0  151188   0.30  Ideal     I     VS1   61.5   53.0  4.29  4.32  2.65    608
1  179113   0.40  Ideal     D     VS1   61.3   55.0  4.77  4.79  2.93    951
2  134702   0.41  Ideal     E     VS1   61.5   57.0  4.80  4.75  2.94   1153
3   46610   0.26  Ideal     E    VVS2   62.0   56.0  4.11  4.15  2.56    629
4   36272   0.33  Ideal     I     VS2   62.1   54.0  4.49  4.47  2.78    594
[ 2023-12-05 21:52:10,723 ] 85 root - INFO - obtaining preprocessing object
[ 2023-12-05 21:52:10,723 ] 27 root - INFO - Data transformation initiated
[ 2023-12-05 21:52:10,723 ] 38 root - INFO - Pipeline initiated
[ 2023-12-05 21:52:11,052 ] 103 root - INFO - Applying preprocessing object on training and testing datasets.
[ 2023-12-05 21:52:11,060 ] 113 root - INFO - Preprocessor pickle file saved
